backend/demo_agents/test-samples/voice_10.py:4: error: Function is missing a type annotation  [no-untyped-def]
backend/demo_agents/test-samples/voice_10.py:7: error: Function is missing a type annotation  [no-untyped-def]
backend/demo_agents/test-samples/voice_10.py:11: error: Call to untyped function "Agent" in typed context  [no-untyped-call]
backend/demo_agents/test-samples/voice_10.py:12: error: Call to untyped function "respond" in typed context  [no-untyped-call]
backend/demo_agents/test-samples/voice_09.py:4: error: Function is missing a type annotation  [no-untyped-def]
backend/demo_agents/test-samples/voice_09.py:7: error: Function is missing a type annotation  [no-untyped-def]
backend/demo_agents/test-samples/voice_09.py:12: error: Call to untyped function "Agent" in typed context  [no-untyped-call]
backend/demo_agents/test-samples/voice_09.py:13: error: Call to untyped function "respond" in typed context  [no-untyped-call]
backend/demo_agents/test-samples/voice_08.py:4: error: Function is missing a type annotation  [no-untyped-def]
backend/demo_agents/test-samples/voice_08.py:7: error: Function is missing a type annotation  [no-untyped-def]
backend/demo_agents/test-samples/voice_08.py:12: error: Call to untyped function "Agent" in typed context  [no-untyped-call]
backend/demo_agents/test-samples/voice_08.py:13: error: Call to untyped function "respond" in typed context  [no-untyped-call]
backend/demo_agents/test-samples/voice_07.py:4: error: Function is missing a type annotation  [no-untyped-def]
backend/demo_agents/test-samples/voice_07.py:7: error: Function is missing a type annotation  [no-untyped-def]
backend/demo_agents/test-samples/voice_07.py:12: error: Call to untyped function "Agent" in typed context  [no-untyped-call]
backend/demo_agents/test-samples/voice_07.py:13: error: Call to untyped function "respond" in typed context  [no-untyped-call]
backend/demo_agents/test-samples/voice_06.py:5: error: Function is missing a type annotation  [no-untyped-def]
backend/demo_agents/test-samples/voice_06.py:8: error: Function is missing a type annotation  [no-untyped-def]
backend/demo_agents/test-samples/voice_06.py:13: error: Call to untyped function "Agent" in typed context  [no-untyped-call]
backend/demo_agents/test-samples/voice_06.py:14: error: Call to untyped function "respond" in typed context  [no-untyped-call]
backend/demo_agents/test-samples/voice_05.py:4: error: Function is missing a type annotation  [no-untyped-def]
backend/demo_agents/test-samples/voice_05.py:7: error: Function is missing a type annotation  [no-untyped-def]
backend/demo_agents/test-samples/voice_05.py:11: error: Call to untyped function "Agent" in typed context  [no-untyped-call]
backend/demo_agents/test-samples/voice_05.py:12: error: Call to untyped function "respond" in typed context  [no-untyped-call]
backend/demo_agents/test-samples/voice_04.py:4: error: Function is missing a type annotation  [no-untyped-def]
backend/demo_agents/test-samples/voice_04.py:7: error: Function is missing a type annotation  [no-untyped-def]
backend/demo_agents/test-samples/voice_04.py:12: error: Call to untyped function "Agent" in typed context  [no-untyped-call]
backend/demo_agents/test-samples/voice_04.py:13: error: Call to untyped function "respond" in typed context  [no-untyped-call]
backend/demo_agents/test-samples/voice_03.py:4: error: Function is missing a type annotation  [no-untyped-def]
backend/demo_agents/test-samples/voice_03.py:7: error: Function is missing a type annotation  [no-untyped-def]
backend/demo_agents/test-samples/voice_03.py:12: error: Call to untyped function "Agent" in typed context  [no-untyped-call]
backend/demo_agents/test-samples/voice_03.py:13: error: Call to untyped function "respond" in typed context  [no-untyped-call]
backend/demo_agents/test-samples/voice_02.py:4: error: Function is missing a type annotation  [no-untyped-def]
backend/demo_agents/test-samples/voice_02.py:7: error: Function is missing a type annotation  [no-untyped-def]
backend/demo_agents/test-samples/voice_02.py:11: error: Call to untyped function "Agent" in typed context  [no-untyped-call]
backend/demo_agents/test-samples/voice_02.py:12: error: Call to untyped function "respond" in typed context  [no-untyped-call]
backend/demo_agents/test-samples/voice_01.py:4: error: Function is missing a type annotation  [no-untyped-def]
backend/demo_agents/test-samples/voice_01.py:7: error: Function is missing a type annotation  [no-untyped-def]
backend/demo_agents/test-samples/voice_01.py:11: error: Call to untyped function "Agent" in typed context  [no-untyped-call]
backend/demo_agents/test-samples/voice_01.py:12: error: Call to untyped function "respond" in typed context  [no-untyped-call]
backend/demo_agents/test-samples/support_10.py:4: error: Function is missing a type annotation  [no-untyped-def]
backend/demo_agents/test-samples/support_10.py:7: error: Function is missing a type annotation  [no-untyped-def]
backend/demo_agents/test-samples/support_10.py:11: error: Call to untyped function "Agent" in typed context  [no-untyped-call]
backend/demo_agents/test-samples/support_10.py:12: error: Call to untyped function "respond" in typed context  [no-untyped-call]
backend/demo_agents/test-samples/support_09.py:4: error: Function is missing a type annotation  [no-untyped-def]
backend/demo_agents/test-samples/support_09.py:7: error: Function is missing a type annotation  [no-untyped-def]
backend/demo_agents/test-samples/support_09.py:11: error: Call to untyped function "Agent" in typed context  [no-untyped-call]
backend/demo_agents/test-samples/support_09.py:12: error: Call to untyped function "respond" in typed context  [no-untyped-call]
backend/demo_agents/test-samples/support_08.py:4: error: Function is missing a type annotation  [no-untyped-def]
backend/demo_agents/test-samples/support_08.py:7: error: Function is missing a type annotation  [no-untyped-def]
backend/demo_agents/test-samples/support_08.py:14: error: Call to untyped function "Agent" in typed context  [no-untyped-call]
backend/demo_agents/test-samples/support_08.py:15: error: Call to untyped function "respond" in typed context  [no-untyped-call]
backend/demo_agents/test-samples/support_07.py:4: error: Function is missing a type annotation  [no-untyped-def]
backend/demo_agents/test-samples/support_07.py:7: error: Function is missing a type annotation  [no-untyped-def]
backend/demo_agents/test-samples/support_07.py:13: error: Call to untyped function "Agent" in typed context  [no-untyped-call]
backend/demo_agents/test-samples/support_07.py:14: error: Call to untyped function "respond" in typed context  [no-untyped-call]
backend/demo_agents/test-samples/support_06.py:4: error: Function is missing a type annotation  [no-untyped-def]
backend/demo_agents/test-samples/support_06.py:7: error: Function is missing a type annotation  [no-untyped-def]
backend/demo_agents/test-samples/support_06.py:11: error: Call to untyped function "Agent" in typed context  [no-untyped-call]
backend/demo_agents/test-samples/support_06.py:12: error: Call to untyped function "respond" in typed context  [no-untyped-call]
backend/demo_agents/test-samples/support_05.py:4: error: Function is missing a type annotation  [no-untyped-def]
backend/demo_agents/test-samples/support_05.py:7: error: Function is missing a type annotation  [no-untyped-def]
backend/demo_agents/test-samples/support_05.py:14: error: Call to untyped function "Agent" in typed context  [no-untyped-call]
backend/demo_agents/test-samples/support_05.py:15: error: Call to untyped function "respond" in typed context  [no-untyped-call]
backend/demo_agents/test-samples/support_04.py:4: error: Function is missing a type annotation  [no-untyped-def]
backend/demo_agents/test-samples/support_04.py:7: error: Function is missing a type annotation  [no-untyped-def]
backend/demo_agents/test-samples/support_04.py:13: error: Call to untyped function "Agent" in typed context  [no-untyped-call]
backend/demo_agents/test-samples/support_04.py:14: error: Call to untyped function "respond" in typed context  [no-untyped-call]
backend/demo_agents/test-samples/support_03.py:4: error: Function is missing a type annotation  [no-untyped-def]
backend/demo_agents/test-samples/support_03.py:7: error: Function is missing a type annotation  [no-untyped-def]
backend/demo_agents/test-samples/support_03.py:11: error: Call to untyped function "Agent" in typed context  [no-untyped-call]
backend/demo_agents/test-samples/support_03.py:12: error: Call to untyped function "respond" in typed context  [no-untyped-call]
backend/demo_agents/test-samples/support_02.py:4: error: Function is missing a type annotation  [no-untyped-def]
backend/demo_agents/test-samples/support_02.py:7: error: Function is missing a type annotation  [no-untyped-def]
backend/demo_agents/test-samples/support_02.py:11: error: Call to untyped function "Agent" in typed context  [no-untyped-call]
backend/demo_agents/test-samples/support_02.py:12: error: Call to untyped function "respond" in typed context  [no-untyped-call]
backend/demo_agents/test-samples/support_01.py:4: error: Function is missing a type annotation  [no-untyped-def]
backend/demo_agents/test-samples/support_01.py:7: error: Function is missing a type annotation  [no-untyped-def]
backend/demo_agents/test-samples/support_01.py:15: error: Call to untyped function "Agent" in typed context  [no-untyped-call]
backend/demo_agents/test-samples/support_01.py:16: error: Call to untyped function "respond" in typed context  [no-untyped-call]
backend/demo_agents/test-samples/conversational_10.py:6: error: Function is missing a type annotation  [no-untyped-def]
backend/demo_agents/test-samples/conversational_10.py:9: error: Function is missing a type annotation  [no-untyped-def]
backend/demo_agents/test-samples/conversational_10.py:14: error: Call to untyped function "Agent" in typed context  [no-untyped-call]
backend/demo_agents/test-samples/conversational_10.py:17: error: Call to untyped function "get_response" in typed context  [no-untyped-call]
backend/demo_agents/test-samples/conversational_09.py:4: error: Function is missing a type annotation  [no-untyped-def]
backend/demo_agents/test-samples/conversational_09.py:7: error: Function is missing a type annotation  [no-untyped-def]
backend/demo_agents/test-samples/conversational_09.py:12: error: Call to untyped function "Agent" in typed context  [no-untyped-call]
backend/demo_agents/test-samples/conversational_09.py:15: error: Call to untyped function "get_response" in typed context  [no-untyped-call]
backend/demo_agents/test-samples/conversational_08.py:4: error: Function is missing a type annotation  [no-untyped-def]
backend/demo_agents/test-samples/conversational_08.py:7: error: Function is missing a type annotation  [no-untyped-def]
backend/demo_agents/test-samples/conversational_08.py:12: error: Call to untyped function "Agent" in typed context  [no-untyped-call]
backend/demo_agents/test-samples/conversational_08.py:15: error: Call to untyped function "get_response" in typed context  [no-untyped-call]
backend/demo_agents/test-samples/conversational_07.py:4: error: Function is missing a type annotation  [no-untyped-def]
backend/demo_agents/test-samples/conversational_07.py:7: error: Function is missing a type annotation  [no-untyped-def]
backend/demo_agents/test-samples/conversational_07.py:11: error: Call to untyped function "Agent" in typed context  [no-untyped-call]
backend/demo_agents/test-samples/conversational_07.py:14: error: Call to untyped function "get_response" in typed context  [no-untyped-call]
backend/demo_agents/test-samples/conversational_06.py:4: error: Function is missing a type annotation  [no-untyped-def]
backend/demo_agents/test-samples/conversational_06.py:7: error: Function is missing a type annotation  [no-untyped-def]
backend/demo_agents/test-samples/conversational_06.py:13: error: Call to untyped function "Agent" in typed context  [no-untyped-call]
backend/demo_agents/test-samples/conversational_06.py:16: error: Call to untyped function "get_response" in typed context  [no-untyped-call]
backend/demo_agents/test-samples/conversational_05.py:4: error: Function is missing a type annotation  [no-untyped-def]
backend/demo_agents/test-samples/conversational_05.py:8: error: Function is missing a type annotation  [no-untyped-def]
backend/demo_agents/test-samples/conversational_05.py:13: error: Call to untyped function "Agent" in typed context  [no-untyped-call]
backend/demo_agents/test-samples/conversational_05.py:16: error: Call to untyped function "get_response" in typed context  [no-untyped-call]
backend/demo_agents/test-samples/conversational_04.py:4: error: Function is missing a type annotation  [no-untyped-def]
backend/demo_agents/test-samples/conversational_04.py:7: error: Function is missing a type annotation  [no-untyped-def]
backend/demo_agents/test-samples/conversational_04.py:14: error: Call to untyped function "Agent" in typed context  [no-untyped-call]
backend/demo_agents/test-samples/conversational_04.py:17: error: Call to untyped function "get_response" in typed context  [no-untyped-call]
backend/demo_agents/test-samples/conversational_03.py:4: error: Function is missing a type annotation  [no-untyped-def]
backend/demo_agents/test-samples/conversational_03.py:7: error: Function is missing a type annotation  [no-untyped-def]
backend/demo_agents/test-samples/conversational_03.py:11: error: Call to untyped function "Agent" in typed context  [no-untyped-call]
backend/demo_agents/test-samples/conversational_03.py:14: error: Call to untyped function "get_response" in typed context  [no-untyped-call]
backend/demo_agents/test-samples/conversational_02.py:4: error: Function is missing a type annotation  [no-untyped-def]
backend/demo_agents/test-samples/conversational_02.py:7: error: Function is missing a type annotation  [no-untyped-def]
backend/demo_agents/test-samples/conversational_02.py:13: error: Call to untyped function "Agent" in typed context  [no-untyped-call]
backend/demo_agents/test-samples/conversational_02.py:16: error: Call to untyped function "get_response" in typed context  [no-untyped-call]
backend/demo_agents/test-samples/conversational_01.py:4: error: Function is missing a type annotation  [no-untyped-def]
backend/demo_agents/test-samples/conversational_01.py:8: error: Function is missing a type annotation  [no-untyped-def]
backend/demo_agents/test-samples/conversational_01.py:13: error: Call to untyped function "Agent" in typed context  [no-untyped-call]
backend/demo_agents/test-samples/conversational_01.py:16: error: Call to untyped function "get_response" in typed context  [no-untyped-call]
backend/demo_agents/test-samples/analytical_10.py:4: error: Function is missing a type annotation  [no-untyped-def]
backend/demo_agents/test-samples/analytical_10.py:7: error: Function is missing a type annotation  [no-untyped-def]
backend/demo_agents/test-samples/analytical_10.py:12: error: Call to untyped function "Agent" in typed context  [no-untyped-call]
backend/demo_agents/test-samples/analytical_10.py:14: error: Call to untyped function "analyze" in typed context  [no-untyped-call]
backend/demo_agents/test-samples/analytical_09.py:4: error: Function is missing a type annotation  [no-untyped-def]
backend/demo_agents/test-samples/analytical_09.py:7: error: Function is missing a type annotation  [no-untyped-def]
backend/demo_agents/test-samples/analytical_09.py:12: error: Call to untyped function "Agent" in typed context  [no-untyped-call]
backend/demo_agents/test-samples/analytical_09.py:14: error: Call to untyped function "analyze" in typed context  [no-untyped-call]
backend/demo_agents/test-samples/analytical_08.py:4: error: Function is missing a type annotation  [no-untyped-def]
backend/demo_agents/test-samples/analytical_08.py:7: error: Function is missing a type annotation  [no-untyped-def]
backend/demo_agents/test-samples/analytical_08.py:12: error: Call to untyped function "Agent" in typed context  [no-untyped-call]
backend/demo_agents/test-samples/analytical_08.py:14: error: Call to untyped function "analyze" in typed context  [no-untyped-call]
backend/demo_agents/test-samples/analytical_07.py:4: error: Function is missing a type annotation  [no-untyped-def]
backend/demo_agents/test-samples/analytical_07.py:7: error: Function is missing a type annotation  [no-untyped-def]
backend/demo_agents/test-samples/analytical_07.py:13: error: Call to untyped function "Agent" in typed context  [no-untyped-call]
backend/demo_agents/test-samples/analytical_07.py:15: error: Call to untyped function "analyze" in typed context  [no-untyped-call]
backend/demo_agents/test-samples/analytical_06.py:4: error: Function is missing a type annotation  [no-untyped-def]
backend/demo_agents/test-samples/analytical_06.py:7: error: Function is missing a type annotation  [no-untyped-def]
backend/demo_agents/test-samples/analytical_06.py:12: error: Call to untyped function "Agent" in typed context  [no-untyped-call]
backend/demo_agents/test-samples/analytical_06.py:14: error: Call to untyped function "analyze" in typed context  [no-untyped-call]
backend/demo_agents/test-samples/analytical_05.py:4: error: Function is missing a type annotation  [no-untyped-def]
backend/demo_agents/test-samples/analytical_05.py:7: error: Function is missing a type annotation  [no-untyped-def]
backend/demo_agents/test-samples/analytical_05.py:12: error: Call to untyped function "Agent" in typed context  [no-untyped-call]
backend/demo_agents/test-samples/analytical_05.py:14: error: Call to untyped function "analyze" in typed context  [no-untyped-call]
backend/demo_agents/test-samples/analytical_04.py:4: error: Function is missing a type annotation  [no-untyped-def]
backend/demo_agents/test-samples/analytical_04.py:7: error: Function is missing a type annotation  [no-untyped-def]
backend/demo_agents/test-samples/analytical_04.py:12: error: Call to untyped function "Agent" in typed context  [no-untyped-call]
backend/demo_agents/test-samples/analytical_04.py:14: error: Call to untyped function "analyze" in typed context  [no-untyped-call]
backend/demo_agents/test-samples/analytical_03.py:4: error: Function is missing a type annotation  [no-untyped-def]
backend/demo_agents/test-samples/analytical_03.py:7: error: Function is missing a type annotation  [no-untyped-def]
backend/demo_agents/test-samples/analytical_03.py:12: error: Call to untyped function "Agent" in typed context  [no-untyped-call]
backend/demo_agents/test-samples/analytical_03.py:14: error: Call to untyped function "analyze" in typed context  [no-untyped-call]
backend/demo_agents/test-samples/analytical_02.py:4: error: Function is missing a type annotation  [no-untyped-def]
backend/demo_agents/test-samples/analytical_02.py:7: error: Function is missing a type annotation  [no-untyped-def]
backend/demo_agents/test-samples/analytical_02.py:11: error: Call to untyped function "Agent" in typed context  [no-untyped-call]
backend/demo_agents/test-samples/analytical_02.py:13: error: Call to untyped function "analyze" in typed context  [no-untyped-call]
backend/demo_agents/test-samples/analytical_01.py:4: error: Function is missing a type annotation  [no-untyped-def]
backend/demo_agents/test-samples/analytical_01.py:7: error: Function is missing a type annotation  [no-untyped-def]
backend/demo_agents/test-samples/analytical_01.py:11: error: Call to untyped function "Agent" in typed context  [no-untyped-call]
backend/demo_agents/test-samples/analytical_01.py:13: error: Call to untyped function "analyze" in typed context  [no-untyped-call]
backend/app/replay/frames.py:75: error: Missing type parameters for generic type "list"  [type-arg]
backend/app/core/replay_learning.py:2: error: Cannot find implementation or library stub for module named "app.core.refactor_engine"  [import-not-found]
backend/app/core/replay_learning.py:3: error: Cannot find implementation or library stub for module named "app.database"  [import-not-found]
backend/app/core/replay_learning.py:4: error: Cannot find implementation or library stub for module named "app.models.session"  [import-not-found]
backend/app/core/replay_learning.py:7: error: Function is missing a type annotation  [no-untyped-def]
agentops_sdk/events.py:31: error: Function is missing a return type annotation  [no-untyped-def]
sdk/python/agentops_replay/integrations/langchain/version.py:34: error: Incompatible return value type (got "tuple[int, ...]", expected "tuple[int, int, int] | None")  [return-value]
sdk/python/agentops_replay/integrations/langchain/version.py:47: error: Missing type parameters for generic type "dict"  [type-arg]
sdk/python/agentops_replay/integrations/langchain/version.py:88: error: Function is missing a return type annotation  [no-untyped-def]
sdk/python/agentops_replay/integrations/langchain/version.py:88: note: Use "-> None" if function does not return a value
verifier/jcs.py:76: error: Function is missing a type annotation for one or more arguments  [no-untyped-def]
examples/langchain_demo/verify_session.py:23: error: Function is missing a return type annotation  [no-untyped-def]
examples/langchain_demo/verify_session.py:61: error: Need type annotation for "event_types" (hint: "event_types: dict[<type>, <type>] = ...")  [var-annotated]
examples/langchain_demo/verify_session.py:62: error: Assignment to variable "e" outside except: block  [misc]
examples/langchain_demo/verify_session.py:108: error: Function is missing a return type annotation  [no-untyped-def]
backend/app/replay/engine.py:198: error: Argument "payload" to "ReplayFrame" has incompatible type "str"; expected "dict[str, Any] | None"  [arg-type]
backend/app/core/refactor_benchmark.py:4: error: Cannot find implementation or library stub for module named "app.core.metrics"  [import-not-found]
backend/app/core/refactor_benchmark.py:5: error: Cannot find implementation or library stub for module named "app.core.refactor_engine"  [import-not-found]
backend/app/core/refactor_benchmark.py:11: error: Function is missing a type annotation  [no-untyped-def]
backend/app/core/refactor_benchmark.py:19: error: Function is missing a type annotation  [no-untyped-def]
backend/app/core/refactor_benchmark.py:34: error: Call to untyped function "load_samples" in typed context  [no-untyped-call]
backend/app/core/refactor_benchmark.py:35: error: Call to untyped function "benchmark" in typed context  [no-untyped-call]
backend/app/compliance/pdf_export.py:16: error: Library stubs not installed for "reportlab.lib"  [import-untyped]
backend/app/compliance/pdf_export.py:17: error: Library stubs not installed for "reportlab.lib.pagesizes"  [import-untyped]
backend/app/compliance/pdf_export.py:17: note: Hint: "python3 -m pip install types-reportlab"
backend/app/compliance/pdf_export.py:17: note: (or run "mypy --install-types" to install all missing stub packages)
backend/app/compliance/pdf_export.py:18: error: Library stubs not installed for "reportlab.lib.styles"  [import-untyped]
backend/app/compliance/pdf_export.py:19: error: Library stubs not installed for "reportlab.lib.units"  [import-untyped]
backend/app/compliance/pdf_export.py:20: error: Library stubs not installed for "reportlab.platypus"  [import-untyped]
backend/app/compliance/gdpr.py:186: error: Need type annotation for "findings" (hint: "findings: list[<type>] = ...")  [var-annotated]
backend/app/compliance/gdpr.py:226: error: Missing type parameters for generic type "list"  [type-arg]
agentops_sdk/jcs.py:80: error: Function is missing a type annotation for one or more arguments  [no-untyped-def]
examples/langchain_demo/agent.py:24: error: Cannot find implementation or library stub for module named "langchain.agents"  [import-not-found]
examples/langchain_demo/agent.py:25: error: Cannot find implementation or library stub for module named "langchain_core.prompts"  [import-not-found]
examples/langchain_demo/agent.py:26: error: Cannot find implementation or library stub for module named "langchain_core.tools"  [import-not-found]
examples/langchain_demo/agent.py:27: error: Cannot find implementation or library stub for module named "langchain_openai"  [import-not-found]
examples/langchain_demo/agent.py:63: error: Need type annotation for "REFUNDS_ISSUED" (hint: "REFUNDS_ISSUED: list[<type>] = ...")  [var-annotated]
examples/langchain_demo/agent.py:64: error: Need type annotation for "EMAILS_SENT" (hint: "EMAILS_SENT: list[<type>] = ...")  [var-annotated]
examples/langchain_demo/agent.py:69: error: Untyped decorator makes function "lookup_order" untyped  [untyped-decorator]
examples/langchain_demo/agent.py:92: error: Untyped decorator makes function "issue_refund" untyped  [untyped-decorator]
examples/langchain_demo/agent.py:112: error: Unsupported operand types for > ("float" and "object")  [operator]
examples/langchain_demo/agent.py:133: error: Untyped decorator makes function "send_email" untyped  [untyped-decorator]
examples/langchain_demo/agent.py:159: error: Function is missing a return type annotation  [no-untyped-def]
examples/langchain_demo/agent.py:166: error: Function is missing a return type annotation  [no-untyped-def]
examples/langchain_demo/agent.py:166: error: Function is missing a type annotation for one or more arguments  [no-untyped-def]
examples/langchain_demo/agent.py:186: error: Call to untyped function "get_tools" in typed context  [no-untyped-call]
examples/langchain_demo/agent.py:228: error: Function is missing a return type annotation  [no-untyped-def]
examples/langchain_demo/agent.py:233: error: Function is missing a return type annotation  [no-untyped-def]
verifier/verifier_core.py:228: error: Missing type parameters for generic type "set"  [type-arg]
verifier/generator.py:27: error: Function is missing a return type annotation  [no-untyped-def]
verifier/generator.py:27: error: Function is missing a type annotation for one or more arguments  [no-untyped-def]
verifier/generator.py:27: error: Missing type parameters for generic type "dict"  [type-arg]
verifier/generator.py:29: error: Module has no attribute "uuid7"; maybe "uuid1", "uuid3", or "uuid4"?  [attr-defined]
verifier/generator.py:61: error: Function is missing a return type annotation  [no-untyped-def]
verifier/generator.py:67: error: Argument 3 to "create_event" has incompatible type "None"; expected "str"  [arg-type]
verifier/generator.py:102: error: Function is missing a return type annotation  [no-untyped-def]
verifier/generator.py:103: error: Call to untyped function "generate_valid_session" in typed context  [no-untyped-call]
verifier/generator.py:111: error: Function is missing a return type annotation  [no-untyped-def]
verifier/generator.py:112: error: Call to untyped function "generate_valid_session" in typed context  [no-untyped-call]
verifier/generator.py:119: error: Function is missing a return type annotation  [no-untyped-def]
verifier/generator.py:120: error: Call to untyped function "generate_valid_session" in typed context  [no-untyped-call]
verifier/generator.py:128: error: Function is missing a type annotation  [no-untyped-def]
verifier/generator.py:134: error: Call to untyped function "write_jsonl" in typed context  [no-untyped-call]
verifier/generator.py:134: error: Call to untyped function "generate_valid_session" in typed context  [no-untyped-call]
verifier/generator.py:135: error: Call to untyped function "write_jsonl" in typed context  [no-untyped-call]
verifier/generator.py:135: error: Call to untyped function "generate_tampered_payload_session" in typed context  [no-untyped-call]
verifier/generator.py:136: error: Call to untyped function "write_jsonl" in typed context  [no-untyped-call]
verifier/generator.py:136: error: Call to untyped function "generate_tampered_chain_session" in typed context  [no-untyped-call]
verifier/generator.py:137: error: Call to untyped function "write_jsonl" in typed context  [no-untyped-call]
verifier/generator.py:137: error: Call to untyped function "generate_sequence_gap_session" in typed context  [no-untyped-call]
verifier/agentops_verify.py:31: error: Incompatible default for argument "context" (default has type "None", argument has type "dict[str, Any]")  [assignment]
verifier/agentops_verify.py:31: note: PEP 484 prohibits implicit Optional. Accordingly, mypy has changed its default to no_implicit_optional=True
verifier/agentops_verify.py:31: note: Use https://github.com/hauntsaninja/no_implicit_optional to automatically upgrade your codebase
verifier/agentops_verify.py:52: error: Missing type parameters for generic type "dict"  [type-arg]
verifier/agentops_verify.py:57: error: Need type annotation for "report"  [var-annotated]
verifier/agentops_verify.py:74: error: Item "int" of "int | list[Any] | str | None" has no attribute "append"  [union-attr]
verifier/agentops_verify.py:74: error: Item "str" of "int | list[Any] | str | None" has no attribute "append"  [union-attr]
verifier/agentops_verify.py:74: error: Item "None" of "int | list[Any] | str | None" has no attribute "append"  [union-attr]
verifier/agentops_verify.py:85: error: Item "int" of "int | list[Any] | str | None" has no attribute "append"  [union-attr]
verifier/agentops_verify.py:85: error: Item "str" of "int | list[Any] | str | None" has no attribute "append"  [union-attr]
verifier/agentops_verify.py:85: error: Item "None" of "int | list[Any] | str | None" has no attribute "append"  [union-attr]
verifier/agentops_verify.py:185: error: Item "int" of "int | list[Any] | str | None" has no attribute "append"  [union-attr]
verifier/agentops_verify.py:185: error: Item "str" of "int | list[Any] | str | None" has no attribute "append"  [union-attr]
verifier/agentops_verify.py:185: error: Item "None" of "int | list[Any] | str | None" has no attribute "append"  [union-attr]
verifier/agentops_verify.py:192: error: No overload variant of "__add__" of "list" matches argument type "int"  [operator]
verifier/agentops_verify.py:192: note: Possible overload variants:
verifier/agentops_verify.py:192: note:     def __add__(self, list[Any], /) -> list[Any]
verifier/agentops_verify.py:192: note:     def [_S] __add__(self, list[_S], /) -> list[_S | Any]
verifier/agentops_verify.py:192: error: Unsupported operand types for + ("None" and "int")  [operator]
verifier/agentops_verify.py:192: note: Left operand is of type "int | list[Any] | str | None"
verifier/agentops_verify.py:192: error: Unsupported operand types for + ("str" and "int")  [operator]
verifier/agentops_verify.py:196: error: Item "int" of "int | list[Any] | str | None" has no attribute "append"  [union-attr]
verifier/agentops_verify.py:196: error: Item "str" of "int | list[Any] | str | None" has no attribute "append"  [union-attr]
verifier/agentops_verify.py:196: error: Item "None" of "int | list[Any] | str | None" has no attribute "append"  [union-attr]
verifier/agentops_verify.py:204: error: Item "int" of "int | list[Any] | str | None" has no attribute "append"  [union-attr]
verifier/agentops_verify.py:204: error: Item "str" of "int | list[Any] | str | None" has no attribute "append"  [union-attr]
verifier/agentops_verify.py:204: error: Item "None" of "int | list[Any] | str | None" has no attribute "append"  [union-attr]
verifier/agentops_verify.py:216: error: Item "int" of "int | list[Any] | str | None" has no attribute "append"  [union-attr]
verifier/agentops_verify.py:216: error: Item "str" of "int | list[Any] | str | None" has no attribute "append"  [union-attr]
verifier/agentops_verify.py:216: error: Item "None" of "int | list[Any] | str | None" has no attribute "append"  [union-attr]
verifier/agentops_verify.py:229: error: Item "int" of "int | list[Any] | str | None" has no attribute "append"  [union-attr]
verifier/agentops_verify.py:229: error: Item "str" of "int | list[Any] | str | None" has no attribute "append"  [union-attr]
verifier/agentops_verify.py:229: error: Item "None" of "int | list[Any] | str | None" has no attribute "append"  [union-attr]
verifier/agentops_verify.py:231: error: Item "int" of "int | list[Any] | str | None" has no attribute "append"  [union-attr]
verifier/agentops_verify.py:231: error: Item "str" of "int | list[Any] | str | None" has no attribute "append"  [union-attr]
verifier/agentops_verify.py:231: error: Item "None" of "int | list[Any] | str | None" has no attribute "append"  [union-attr]
verifier/agentops_verify.py:232: error: Unsupported operand types for < ("int" and "None")  [operator]
verifier/agentops_verify.py:232: note: Left operand is of type "int | list[Any] | str | None"
verifier/agentops_verify.py:232: error: Unsupported operand types for > ("list[Any]" and "int")  [operator]
verifier/agentops_verify.py:232: error: Unsupported operand types for > ("str" and "int")  [operator]
verifier/agentops_verify.py:233: error: Unsupported right operand type for in ("int | list[Any] | str | None")  [operator]
verifier/agentops_verify.py:234: error: Item "int" of "int | list[Any] | str | None" has no attribute "append"  [union-attr]
verifier/agentops_verify.py:234: error: Item "str" of "int | list[Any] | str | None" has no attribute "append"  [union-attr]
verifier/agentops_verify.py:234: error: Item "None" of "int | list[Any] | str | None" has no attribute "append"  [union-attr]
verifier/agentops_verify.py:236: error: Item "int" of "int | list[Any] | str | None" has no attribute "append"  [union-attr]
verifier/agentops_verify.py:236: error: Item "str" of "int | list[Any] | str | None" has no attribute "append"  [union-attr]
verifier/agentops_verify.py:236: error: Item "None" of "int | list[Any] | str | None" has no attribute "append"  [union-attr]
verifier/agentops_verify.py:244: error: Argument "authority" to "classify_evidence" has incompatible type "int | list[Any] | str | None"; expected "str"  [arg-type]
verifier/agentops_verify.py:245: error: Argument "sealed" to "classify_evidence" has incompatible type "int | list[Any] | str | None"; expected "bool"  [arg-type]
verifier/agentops_verify.py:246: error: Argument "complete" to "classify_evidence" has incompatible type "int | list[Any] | str | None"; expected "bool"  [arg-type]
verifier/agentops_verify.py:252: error: Item "int" of "int | list[Any] | str | None" has no attribute "append"  [union-attr]
verifier/agentops_verify.py:252: error: Item "str" of "int | list[Any] | str | None" has no attribute "append"  [union-attr]
verifier/agentops_verify.py:252: error: Item "None" of "int | list[Any] | str | None" has no attribute "append"  [union-attr]
verifier/agentops_verify.py:260: error: Item "int" of "int | list[Any] | str | None" has no attribute "append"  [union-attr]
verifier/agentops_verify.py:260: error: Item "str" of "int | list[Any] | str | None" has no attribute "append"  [union-attr]
verifier/agentops_verify.py:260: error: Item "None" of "int | list[Any] | str | None" has no attribute "append"  [union-attr]
verifier/agentops_verify.py:272: error: Function is missing a return type annotation  [no-untyped-def]
verifier/agentops_verify.py:283: error: Function is missing a return type annotation  [no-untyped-def]
verifier/agentops_verify.py:283: note: Use "-> None" if function does not return a value
verifier/agentops_verify.py:339: error: Call to untyped function "main" in typed context  [no-untyped-call]
agentops_sdk/envelope.py:18: error: Name "jcs" already defined (by an import)  [no-redef]
backend/app/services/ingestion/sealer.py:84: error: Item "None" of "RejectionReason | None" has no attribute "value"  [union-attr]
backend/app/services/ingestion/sealer.py:90: error: Argument "events" to "_compute_session_digest" has incompatible type "list[dict[str, Any]] | None"; expected "list[dict[str, Any]]"  [arg-type]
backend/app/services/ingestion/sealer.py:91: error: Argument "final_hash" to "_compute_session_digest" has incompatible type "str | None"; expected "str"  [arg-type]
agentops_sdk/buffer.py:16: error: Function is missing a return type annotation  [no-untyped-def]
agentops_sdk/buffer.py:19: error: Function is missing a return type annotation  [no-untyped-def]
agentops_sdk/client.py:27: error: Function is missing a return type annotation  [no-untyped-def]
agentops_sdk/client.py:27: error: Incompatible default for argument "tags" (default has type "None", argument has type "list[str]")  [assignment]
agentops_sdk/client.py:27: note: PEP 484 prohibits implicit Optional. Accordingly, mypy has changed its default to no_implicit_optional=True
agentops_sdk/client.py:27: note: Use https://github.com/hauntsaninja/no_implicit_optional to automatically upgrade your codebase
agentops_sdk/client.py:46: error: Function is missing a return type annotation  [no-untyped-def]
agentops_sdk/client.py:71: error: Function is missing a return type annotation  [no-untyped-def]
agentops_sdk/client.py:74: error: Argument "session_id" to "create_proposal" has incompatible type "str | None"; expected "str"  [arg-type]
agentops_sdk/client.py:104: error: Function is missing a return type annotation  [no-untyped-def]
agentops_sdk/client.py:112: error: Function is missing a return type annotation  [no-untyped-def]
sdk/python/agentops_replay/integrations/langchain/callback.py:38: error: Cannot assign to a type  [misc]
sdk/python/agentops_replay/integrations/langchain/callback.py:38: error: Incompatible types in assignment (expression has type "None", variable has type "type[AgentOpsClient]")  [assignment]
sdk/python/agentops_replay/integrations/langchain/callback.py:39: error: Cannot assign to a type  [misc]
sdk/python/agentops_replay/integrations/langchain/callback.py:39: error: Incompatible types in assignment (expression has type "None", variable has type "type[EventType]")  [assignment]
sdk/python/agentops_replay/integrations/langchain/callback.py:43: error: Cannot find implementation or library stub for module named "langchain_core.agents"  [import-not-found]
sdk/python/agentops_replay/integrations/langchain/callback.py:44: error: Cannot find implementation or library stub for module named "langchain_core.callbacks.base"  [import-not-found]
sdk/python/agentops_replay/integrations/langchain/callback.py:45: error: Cannot find implementation or library stub for module named "langchain_core.messages"  [import-not-found]
sdk/python/agentops_replay/integrations/langchain/callback.py:46: error: Cannot find implementation or library stub for module named "langchain_core.outputs"  [import-not-found]
sdk/python/agentops_replay/integrations/langchain/callback.py:130: error: Class cannot subclass "BaseCallbackHandler" (has type "Any")  [misc]
sdk/python/agentops_replay/integrations/langchain/callback.py:180: error: Call to untyped function "warn_if_incompatible" in typed context  [no-untyped-call]
sdk/python/agentops_replay/integrations/langchain/callback.py:215: error: Function is missing a return type annotation  [no-untyped-def]
sdk/python/agentops_replay/integrations/langchain/callback.py:232: error: Function is missing a return type annotation  [no-untyped-def]
sdk/python/agentops_replay/integrations/langchain/callback.py:237: error: Unsupported operand types for - ("float" and "None")  [operator]
sdk/python/agentops_replay/integrations/langchain/callback.py:237: note: Right operand is of type "float | None"
sdk/python/agentops_replay/integrations/langchain/callback.py:241: error: Function is missing a return type annotation  [no-untyped-def]
sdk/python/agentops_replay/integrations/langchain/callback.py:245: error: Function is missing a return type annotation  [no-untyped-def]
sdk/python/agentops_replay/integrations/langchain/callback.py:245: note: Use "-> None" if function does not return a value
sdk/python/agentops_replay/integrations/langchain/callback.py:266: error: Call to untyped function "_ensure_session" in typed context  [no-untyped-call]
sdk/python/agentops_replay/integrations/langchain/callback.py:299: error: Call to untyped function "_ensure_session" in typed context  [no-untyped-call]
sdk/python/agentops_replay/integrations/langchain/callback.py:335: error: Call to untyped function "_ensure_session" in typed context  [no-untyped-call]
sdk/python/agentops_replay/integrations/langchain/callback.py:364: error: Call to untyped function "_ensure_session" in typed context  [no-untyped-call]
sdk/python/agentops_replay/integrations/langchain/callback.py:400: error: Call to untyped function "_ensure_session" in typed context  [no-untyped-call]
sdk/python/agentops_replay/integrations/langchain/callback.py:431: error: Call to untyped function "_ensure_session" in typed context  [no-untyped-call]
sdk/python/agentops_replay/integrations/langchain/callback.py:458: error: Call to untyped function "_ensure_session" in typed context  [no-untyped-call]
sdk/python/agentops_replay/integrations/langchain/callback.py:483: error: Call to untyped function "_ensure_session" in typed context  [no-untyped-call]
sdk/python/agentops_replay/integrations/langchain/callback.py:514: error: Call to untyped function "_ensure_session" in typed context  [no-untyped-call]
sdk/python/agentops_replay/integrations/langchain/callback.py:542: error: Call to untyped function "_ensure_session" in typed context  [no-untyped-call]
examples/sdk_demo.py:14: error: Function is missing a return type annotation  [no-untyped-def]
examples/sdk_demo.py:14: note: Use "-> None" if function does not return a value
examples/sdk_demo.py:55: error: Call to untyped function "main" in typed context  [no-untyped-call]
backend/app/policy/tool_audit.py:72: error: Argument "sequence_number" to "ToolCallSummary" has incompatible type "Any | None"; expected "int"  [arg-type]
backend/app/policy/tool_audit.py:73: error: Argument "timestamp" to "ToolCallSummary" has incompatible type "Any | None"; expected "str"  [arg-type]
examples/langchain_demo/run_demo.py:23: error: Cannot find implementation or library stub for module named "agent"  [import-not-found]
examples/langchain_demo/run_demo.py:44: error: Function is missing a return type annotation  [no-untyped-def]
examples/langchain_demo/run_demo.py:162: error: Function is missing a return type annotation  [no-untyped-def]
backend/agent_simulator.py:8: error: Function is missing a type annotation  [no-untyped-def]
backend/agent_simulator.py:12: error: Function is missing a type annotation  [no-untyped-def]
backend/agent_simulator.py:29: error: Function is missing a type annotation  [no-untyped-def]
backend/agent_simulator.py:54: error: Function is missing a return type annotation  [no-untyped-def]
backend/agent_simulator.py:54: note: Use "-> None" if function does not return a value
backend/agent_simulator.py:58: error: Call to untyped function "create_session" in typed context  [no-untyped-call]
backend/agent_simulator.py:110: error: Call to untyped function "log_event" in typed context  [no-untyped-call]
backend/agent_simulator.py:115: error: Function is missing a return type annotation  [no-untyped-def]
backend/agent_simulator.py:115: note: Use "-> None" if function does not return a value
backend/agent_simulator.py:119: error: Call to untyped function "create_session" in typed context  [no-untyped-call]
backend/agent_simulator.py:140: error: Call to untyped function "log_event" in typed context  [no-untyped-call]
backend/agent_simulator.py:144: error: Function is missing a return type annotation  [no-untyped-def]
backend/agent_simulator.py:144: note: Use "-> None" if function does not return a value
backend/agent_simulator.py:148: error: Call to untyped function "create_session" in typed context  [no-untyped-call]
backend/agent_simulator.py:168: error: Call to untyped function "log_event" in typed context  [no-untyped-call]
backend/agent_simulator.py:172: error: Function is missing a return type annotation  [no-untyped-def]
backend/agent_simulator.py:172: note: Use "-> None" if function does not return a value
backend/agent_simulator.py:174: error: Call to untyped function "AgentSimulator" in typed context  [no-untyped-call]
backend/agent_simulator.py:190: error: Call to untyped function (unknown) in typed context  [no-untyped-call]
backend/agent_simulator.py:200: error: Call to untyped function "main" in typed context  [no-untyped-call]
backend/live_event_generator.py:8: error: Function is missing a type annotation  [no-untyped-def]
backend/live_event_generator.py:13: error: Function is missing a return type annotation  [no-untyped-def]
backend/live_event_generator.py:13: note: Use "-> None" if function does not return a value
backend/live_event_generator.py:67: error: Function is missing a return type annotation  [no-untyped-def]
backend/live_event_generator.py:67: note: Use "-> None" if function does not return a value
backend/live_event_generator.py:73: error: Function is missing a return type annotation  [no-untyped-def]
backend/live_event_generator.py:73: note: Use "-> None" if function does not return a value
backend/live_event_generator.py:76: error: Call to untyped function "LiveEventGenerator" in typed context  [no-untyped-call]
backend/live_event_generator.py:79: error: Call to untyped function "generate_events_continuously" in typed context  [no-untyped-call]
backend/live_event_generator.py:81: error: Call to untyped function "stop" in typed context  [no-untyped-call]
backend/live_event_generator.py:85: error: Call to untyped function "demo_live_events" in typed context  [no-untyped-call]
backend/app/services/event_generator.py:5: error: Cannot find implementation or library stub for module named "app.models.event"  [import-not-found]
backend/app/services/event_generator.py:12: error: Function is missing a return type annotation  [no-untyped-def]
backend/app/services/event_generator.py:40: error: Function is missing a return type annotation  [no-untyped-def]
backend/app/services/event_generator.py:70: error: Function is missing a return type annotation  [no-untyped-def]
backend/app/services/event_generator.py:100: error: Function is missing a return type annotation  [no-untyped-def]
backend/app/services/event_generator.py:130: error: Function is missing a return type annotation  [no-untyped-def]
backend/app/services/ingestion/service.py:26: error: Cannot find implementation or library stub for module named "app.models"  [import-not-found]
backend/app/services/ingestion/service.py:27: error: Cannot find implementation or library stub for module named "app.services.ingestion.hasher"  [import-not-found]
backend/app/services/ingestion/service.py:33: error: Cannot find implementation or library stub for module named "app.services.ingestion.sealer"  [import-not-found]
backend/app/models/user.py:5: error: Cannot find implementation or library stub for module named "app.database"  [import-not-found]
backend/app/models/user.py:8: error: Class cannot subclass "Base" (has type "Any")  [misc]
backend/app/ingestion/service.py:23: error: Cannot find implementation or library stub for module named "app.database"  [import-not-found]
backend/app/ingestion/service.py:24: error: Cannot find implementation or library stub for module named "app.models"  [import-not-found]
backend/app/ingestion/service.py:203: error: Module "verifier_core" does not explicitly export attribute "jcs"  [attr-defined]
backend/app/ingestion/service.py:364: error: Function is missing a return type annotation  [no-untyped-def]
backend/app/ingestion/service.py:420: error: Function is missing a return type annotation  [no-untyped-def]
backend/app/ingestion/service.py:484: error: Argument 1 to "UUID" has incompatible type "object"; expected "str | None"  [arg-type]
backend/app/ingestion/service.py:492: error: Module "verifier_core" does not explicitly export attribute "jcs"  [attr-defined]
backend/app/compliance/json_export.py:21: error: Cannot find implementation or library stub for module named "app.models"  [import-not-found]
backend/app/database.py:6: error: Cannot find implementation or library stub for module named ".config"  [import-not-found]
backend/app/database.py:23: error: Function is missing a return type annotation  [no-untyped-def]
backend/tests/test_constitutional.py:24: error: Cannot find implementation or library stub for module named "app.database"  [import-not-found]
backend/tests/test_constitutional.py:25: error: Cannot find implementation or library stub for module named "app.ingestion"  [import-not-found]
backend/tests/test_constitutional.py:26: error: Cannot find implementation or library stub for module named "app.models"  [import-not-found]
backend/tests/test_constitutional.py:32: error: Function is missing a return type annotation  [no-untyped-def]
backend/tests/test_constitutional.py:40: error: Function is missing a return type annotation  [no-untyped-def]
backend/tests/test_constitutional.py:48: error: Function is missing a type annotation  [no-untyped-def]
backend/tests/test_constitutional.py:92: error: Function is missing a type annotation  [no-untyped-def]
backend/tests/test_constitutional.py:141: error: Function is missing a type annotation  [no-untyped-def]
backend/tests/test_constitutional.py:163: error: Function is missing a type annotation  [no-untyped-def]
backend/tests/test_constitutional.py:193: error: Function is missing a type annotation  [no-untyped-def]
backend/tests/test_constitutional.py:244: error: Function is missing a type annotation  [no-untyped-def]
backend/tests/test_constitutional.py:273: error: Function is missing a type annotation  [no-untyped-def]
backend/tests/conftest.py:15: error: Cannot find implementation or library stub for module named "app.database"  [import-not-found]
backend/tests/conftest.py:19: error: Function is missing a return type annotation  [no-untyped-def]
backend/tests/conftest.py:34: error: Function is missing a return type annotation  [no-untyped-def]
backend/tests/replay/test_replay_engine.py:21: error: Cannot find implementation or library stub for module named "app.replay.engine"  [import-not-found]
backend/tests/replay/test_replay_engine.py:22: error: Cannot find implementation or library stub for module named "app.replay.frames"  [import-not-found]
backend/tests/replay/test_replay_engine.py:23: error: Cannot find implementation or library stub for module named "app.replay.warnings"  [import-not-found]
backend/tests/replay/test_replay_engine.py:29: error: Function is missing a return type annotation  [no-untyped-def]
backend/tests/replay/test_replay_engine.py:29: note: Use "-> None" if function does not return a value
backend/tests/replay/test_replay_engine.py:56: error: Function is missing a return type annotation  [no-untyped-def]
backend/tests/replay/test_replay_engine.py:56: note: Use "-> None" if function does not return a value
backend/tests/replay/test_replay_engine.py:74: error: Function is missing a return type annotation  [no-untyped-def]
backend/tests/replay/test_replay_engine.py:74: note: Use "-> None" if function does not return a value
backend/tests/replay/test_replay_engine.py:111: error: Function is missing a return type annotation  [no-untyped-def]
backend/tests/replay/test_replay_engine.py:111: note: Use "-> None" if function does not return a value
backend/tests/replay/test_replay_engine.py:139: error: Function is missing a return type annotation  [no-untyped-def]
backend/tests/replay/test_replay_engine.py:139: note: Use "-> None" if function does not return a value
backend/tests/replay/test_replay_engine.py:152: error: Function is missing a return type annotation  [no-untyped-def]
backend/tests/replay/test_replay_engine.py:152: note: Use "-> None" if function does not return a value
backend/tests/replay/test_replay_engine.py:171: error: Function is missing a return type annotation  [no-untyped-def]
backend/tests/replay/test_replay_engine.py:171: note: Use "-> None" if function does not return a value
backend/tests/replay/test_replay_engine.py:193: error: Function is missing a return type annotation  [no-untyped-def]
backend/tests/replay/test_replay_engine.py:193: note: Use "-> None" if function does not return a value
backend/tests/replay/test_replay_engine.py:217: error: Function is missing a return type annotation  [no-untyped-def]
backend/tests/replay/test_replay_engine.py:217: note: Use "-> None" if function does not return a value
backend/tests/replay/test_replay_engine.py:234: error: Function is missing a return type annotation  [no-untyped-def]
backend/tests/replay/test_replay_engine.py:234: note: Use "-> None" if function does not return a value
backend/tests/ingestion/test_ingestion_service.py:26: error: Cannot find implementation or library stub for module named "app.models"  [import-not-found]
backend/tests/ingestion/test_ingestion_service.py:27: error: Cannot find implementation or library stub for module named "app.services.ingestion.service"  [import-not-found]
backend/tests/ingestion/test_ingestion_service.py:37: error: Function is missing a type annotation  [no-untyped-def]
backend/tests/ingestion/test_ingestion_service.py:71: error: Function is missing a type annotation  [no-untyped-def]
backend/tests/ingestion/test_ingestion_service.py:98: error: Function is missing a type annotation  [no-untyped-def]
backend/tests/ingestion/test_ingestion_service.py:126: error: Function is missing a type annotation  [no-untyped-def]
backend/tests/ingestion/test_ingestion_service.py:153: error: Function is missing a type annotation  [no-untyped-def]
backend/tests/ingestion/test_ingestion_service.py:191: error: Function is missing a type annotation  [no-untyped-def]
backend/tests/ingestion/test_ingestion_service.py:225: error: Function is missing a type annotation  [no-untyped-def]
backend/tests/ingestion/test_ingestion_service.py:258: error: Function is missing a type annotation  [no-untyped-def]
backend/tests/ingestion/test_ingestion_service.py:286: error: Function is missing a return type annotation  [no-untyped-def]
backend/tests/ingestion/test_ingestion_service.py:307: error: Function is missing a return type annotation  [no-untyped-def]
backend/tests/ingestion/test_ingestion_service.py:319: error: Function is missing a return type annotation  [no-untyped-def]
backend/tests/ingestion/test_ingestion_service.py:332: error: Function is missing a return type annotation  [no-untyped-def]
backend/tests/ingestion/test_ingestion_service.py:344: error: Function is missing a return type annotation  [no-untyped-def]
backend/tests/compliance/test_jcs_canonicalization.py:36: error: Function is missing a return type annotation  [no-untyped-def]
backend/tests/compliance/test_jcs_canonicalization.py:36: note: Use "-> None" if function does not return a value
backend/tests/compliance/test_jcs_canonicalization.py:63: error: Function is missing a return type annotation  [no-untyped-def]
backend/tests/compliance/test_jcs_canonicalization.py:63: note: Use "-> None" if function does not return a value
backend/tests/compliance/test_jcs_canonicalization.py:86: error: Function is missing a return type annotation  [no-untyped-def]
backend/tests/compliance/test_jcs_canonicalization.py:86: note: Use "-> None" if function does not return a value
backend/tests/compliance/test_jcs_canonicalization.py:104: error: Function is missing a return type annotation  [no-untyped-def]
backend/tests/compliance/test_jcs_canonicalization.py:104: note: Use "-> None" if function does not return a value
backend/tests/compliance/test_jcs_canonicalization.py:122: error: Function is missing a return type annotation  [no-untyped-def]
backend/tests/compliance/test_jcs_canonicalization.py:122: note: Use "-> None" if function does not return a value
backend/tests/compliance/test_jcs_canonicalization.py:146: error: Function is missing a return type annotation  [no-untyped-def]
backend/tests/compliance/test_jcs_canonicalization.py:146: note: Use "-> None" if function does not return a value
backend/tests/compliance/test_jcs_canonicalization.py:202: error: Function is missing a return type annotation  [no-untyped-def]
backend/tests/compliance/test_jcs_canonicalization.py:202: note: Use "-> None" if function does not return a value
backend/tests/compliance/test_jcs_canonicalization.py:206: error: Cannot find implementation or library stub for module named "hasher"  [import-not-found]
backend/tests/compliance/test_jcs_canonicalization.py:218: error: Function is missing a return type annotation  [no-untyped-def]
backend/tests/compliance/test_jcs_canonicalization.py:218: note: Use "-> None" if function does not return a value
backend/tests/compliance/test_jcs_canonicalization.py:234: error: Function is missing a return type annotation  [no-untyped-def]
backend/tests/compliance/test_jcs_canonicalization.py:234: note: Use "-> None" if function does not return a value
backend/app/models/session.py:17: error: Cannot find implementation or library stub for module named "app.database"  [import-not-found]
backend/app/models/session.py:33: error: Class cannot subclass "Base" (has type "Any")  [misc]
backend/app/models/session.py:51: error: Need type annotation for "chain_authority"  [var-annotated]
backend/app/models/session.py:58: error: Need type annotation for "status"  [var-annotated]
backend/app/models/event_chain.py:27: error: Cannot find implementation or library stub for module named "app.database"  [import-not-found]
backend/app/models/event_chain.py:30: error: Class cannot subclass "Base" (has type "Any")  [misc]
backend/app/models/event_chain.py:83: error: Call to untyped function "DDL" in typed context  [no-untyped-call]
backend/app/models/event.py:5: error: Cannot find implementation or library stub for module named "app.database"  [import-not-found]
backend/app/models/event.py:8: error: Class cannot subclass "Base" (has type "Any")  [misc]
backend/app/models/event.py:16: error: Need type annotation for "flags"  [var-annotated]
backend/app/models/chain_seal.py:12: error: Cannot find implementation or library stub for module named "app.database"  [import-not-found]
backend/app/models/chain_seal.py:15: error: Class cannot subclass "Base" (has type "Any")  [misc]
backend/app/main.py:4: error: Cannot find implementation or library stub for module named "app.api.v1.api"  [import-not-found]
backend/app/main.py:18: error: Function is missing a return type annotation  [no-untyped-def]
backend/app/api/v1/api.py:1: error: Unused "type: ignore" comment  [unused-ignore]
backend/app/api/v1/api.py:3: error: Cannot find implementation or library stub for module named "app.api.v1.endpoints"  [import-not-found]
backend/app/api/v1/endpoints/verify.py:18: error: Cannot find implementation or library stub for module named "app.database"  [import-not-found]
backend/app/api/v1/endpoints/verify.py:19: error: Cannot find implementation or library stub for module named "app.models"  [import-not-found]
backend/app/api/v1/endpoints/verify.py:26: error: Function is missing a return type annotation  [no-untyped-def]
backend/app/api/v1/endpoints/sessions.py:6: error: Cannot find implementation or library stub for module named "app.database"  [import-not-found]
backend/app/api/v1/endpoints/sessions.py:7: error: Cannot find implementation or library stub for module named "app.models.session"  [import-not-found]
backend/app/api/v1/endpoints/sessions.py:8: error: Cannot find implementation or library stub for module named "app.schemas.session"  [import-not-found]
backend/app/api/v1/endpoints/sessions.py:13: error: Function is missing a return type annotation  [no-untyped-def]
backend/app/api/v1/endpoints/sessions.py:17: error: Function is missing a return type annotation  [no-untyped-def]
backend/app/api/v1/endpoints/sessions.py:31: error: Function is missing a return type annotation  [no-untyped-def]
backend/app/api/v1/endpoints/replay.py:20: error: Cannot find implementation or library stub for module named "app.database"  [import-not-found]
backend/app/api/v1/endpoints/replay.py:21: error: Cannot find implementation or library stub for module named "app.models.event_chain"  [import-not-found]
backend/app/api/v1/endpoints/replay.py:22: error: Cannot find implementation or library stub for module named "app.models.session"  [import-not-found]
backend/app/api/v1/endpoints/replay.py:23: error: Cannot find implementation or library stub for module named "app.replay.engine"  [import-not-found]
backend/app/api/v1/endpoints/replay.py:29: error: Cannot find implementation or library stub for module named "app.schemas.replay_v2"  [import-not-found]
backend/app/api/v1/endpoints/replay.py:95: error: Function is missing a return type annotation  [no-untyped-def]
backend/app/api/v1/endpoints/replay.py:114: error: Function is missing a return type annotation  [no-untyped-def]
backend/app/api/v1/endpoints/replay.py:161: error: Function is missing a return type annotation  [no-untyped-def]
backend/app/api/v1/endpoints/replay.py:207: error: Function is missing a return type annotation  [no-untyped-def]
backend/app/api/v1/endpoints/replay.py:275: error: Function is missing a type annotation for one or more arguments  [no-untyped-def]
backend/app/api/v1/endpoints/live_agent.py:8: error: Cannot find implementation or library stub for module named "app.agents.customer_support_agent"  [import-not-found]
backend/app/api/v1/endpoints/live_agent.py:9: error: Cannot find implementation or library stub for module named "app.database"  [import-not-found]
backend/app/api/v1/endpoints/live_agent.py:23: error: Function is missing a return type annotation  [no-untyped-def]
backend/app/api/v1/endpoints/live_agent.py:23: note: Use "-> None" if function does not return a value
backend/app/api/v1/endpoints/live_agent.py:27: error: Function is missing a return type annotation  [no-untyped-def]
backend/app/api/v1/endpoints/live_agent.py:31: error: Function is missing a return type annotation  [no-untyped-def]
backend/app/api/v1/endpoints/live_agent.py:34: error: Function is missing a return type annotation  [no-untyped-def]
backend/app/api/v1/endpoints/live_agent.py:37: error: Function is missing a return type annotation  [no-untyped-def]
backend/app/api/v1/endpoints/live_agent.py:41: error: Call to untyped function "ConnectionManager" in typed context  [no-untyped-call]
backend/app/api/v1/endpoints/live_agent.py:44: error: Function is missing a return type annotation  [no-untyped-def]
backend/app/api/v1/endpoints/live_agent.py:75: error: Function is missing a return type annotation  [no-untyped-def]
backend/app/api/v1/endpoints/live_agent.py:88: error: Function is missing a return type annotation  [no-untyped-def]
backend/app/api/v1/endpoints/live_agent.py:100: error: Function is missing a return type annotation  [no-untyped-def]
backend/app/api/v1/endpoints/ingestion_sessions.py:12: error: Cannot find implementation or library stub for module named "app.database"  [import-not-found]
backend/app/api/v1/endpoints/ingestion_sessions.py:13: error: Cannot find implementation or library stub for module named "app.ingestion"  [import-not-found]
backend/app/api/v1/endpoints/ingestion_sessions.py:14: error: Cannot find implementation or library stub for module named "app.models"  [import-not-found]
backend/app/api/v1/endpoints/ingestion_sessions.py:15: error: Cannot find implementation or library stub for module named "app.schemas.ingestion"  [import-not-found]
backend/app/api/v1/endpoints/ingestion_sessions.py:31: error: Function is missing a return type annotation  [no-untyped-def]
backend/app/api/v1/endpoints/ingestion_sessions.py:52: error: Function is missing a return type annotation  [no-untyped-def]
backend/app/api/v1/endpoints/ingestion_sessions.py:77: error: Function is missing a return type annotation  [no-untyped-def]
backend/app/api/v1/endpoints/ingestion_sessions.py:94: error: Function is missing a return type annotation  [no-untyped-def]
backend/app/api/v1/endpoints/ingestion.py:19: error: Cannot find implementation or library stub for module named "app.database"  [import-not-found]
backend/app/api/v1/endpoints/ingestion.py:20: error: Cannot find implementation or library stub for module named "app.schemas.ingestion"  [import-not-found]
backend/app/api/v1/endpoints/ingestion.py:25: error: Cannot find implementation or library stub for module named "app.services.ingestion.service"  [import-not-found]
backend/app/api/v1/endpoints/export.py:16: error: Cannot find implementation or library stub for module named "app.compliance"  [import-not-found]
backend/app/api/v1/endpoints/export.py:17: error: Cannot find implementation or library stub for module named "app.database"  [import-not-found]
backend/app/api/v1/endpoints/export.py:25: error: Function is missing a return type annotation  [no-untyped-def]
backend/app/api/v1/endpoints/events.py:6: error: Cannot find implementation or library stub for module named "app.database"  [import-not-found]
backend/app/api/v1/endpoints/events.py:7: error: Cannot find implementation or library stub for module named "app.models.event"  [import-not-found]
backend/app/api/v1/endpoints/events.py:8: error: Cannot find implementation or library stub for module named "app.schemas.event"  [import-not-found]
backend/app/api/v1/endpoints/events.py:13: error: Function is missing a return type annotation  [no-untyped-def]
backend/app/api/v1/endpoints/events.py:28: error: Function is missing a return type annotation  [no-untyped-def]
backend/app/api/v1/endpoints/events.py:44: error: Function is missing a return type annotation  [no-untyped-def]
backend/app/api/v1/endpoints/event_generation.py:5: error: Cannot find implementation or library stub for module named "app.database"  [import-not-found]
backend/app/api/v1/endpoints/event_generation.py:6: error: Cannot find implementation or library stub for module named "app.models.session"  [import-not-found]
backend/app/api/v1/endpoints/event_generation.py:7: error: Cannot find implementation or library stub for module named "app.services.event_generator"  [import-not-found]
backend/app/api/v1/endpoints/event_generation.py:22: error: Function is missing a return type annotation  [no-untyped-def]
backend/app/api/v1/endpoints/event_generation.py:53: error: Function is missing a return type annotation  [no-untyped-def]
backend/app/api/v1/endpoints/compliance.py:6: error: Cannot find implementation or library stub for module named "app.database"  [import-not-found]
backend/app/api/v1/endpoints/compliance.py:7: error: Cannot find implementation or library stub for module named "app.models.event"  [import-not-found]
backend/app/api/v1/endpoints/compliance.py:8: error: Cannot find implementation or library stub for module named "app.models.session"  [import-not-found]
backend/app/api/v1/endpoints/compliance.py:13: error: Function is missing a return type annotation  [no-untyped-def]
backend/app/api/v1/endpoints/compliance.py:18: error: Function is missing a return type annotation  [no-untyped-def]
backend/app/api/v1/endpoints/compliance.py:53: error: Function is missing a return type annotation  [no-untyped-def]
agentops_sdk/transport.py:19: error: Function is missing a type annotation  [no-untyped-def]
agentops_sdk/transport.py:67: error: Returning Any from function declared to return "dict[str, Any]"  [no-any-return]
agentops_sdk/transport.py:88: error: Call to untyped function "RetryExhausted" in typed context  [no-untyped-call]
agentops_sdk/transport.py:111: error: Call to untyped function "RetryExhausted" in typed context  [no-untyped-call]
agentops_sdk/remote_client.py:62: error: Argument "base_url" to "Client" has incompatible type "str | None"; expected "URL | str"  [arg-type]
agentops_sdk/remote_client.py:80: error: Function is missing a return type annotation  [no-untyped-def]
agentops_sdk/remote_client.py:80: error: Incompatible default for argument "tags" (default has type "None", argument has type "list[str]")  [assignment]
agentops_sdk/remote_client.py:80: note: PEP 484 prohibits implicit Optional. Accordingly, mypy has changed its default to no_implicit_optional=True
agentops_sdk/remote_client.py:80: note: Use https://github.com/hauntsaninja/no_implicit_optional to automatically upgrade your codebase
agentops_sdk/remote_client.py:112: error: Function is missing a return type annotation  [no-untyped-def]
agentops_sdk/remote_client.py:128: error: "EventBuffer" has no attribute "events"  [attr-defined]
agentops_sdk/remote_client.py:144: error: Call to untyped function "_flush_batch" in typed context  [no-untyped-call]
agentops_sdk/remote_client.py:146: error: Function is missing a return type annotation  [no-untyped-def]
agentops_sdk/remote_client.py:146: note: Use "-> None" if function does not return a value
agentops_sdk/remote_client.py:197: error: Function is missing a return type annotation  [no-untyped-def]
agentops_sdk/remote_client.py:208: error: Call to untyped function "_flush_batch" in typed context  [no-untyped-call]
agentops_sdk/remote_client.py:224: error: Function is missing a type annotation  [no-untyped-def]
backend/tests/test_api.py:14: error: Cannot find implementation or library stub for module named "app.main"  [import-not-found]
backend/tests/test_api.py:22: error: Function is missing a return type annotation  [no-untyped-def]
backend/tests/test_api.py:22: note: Use "-> None" if function does not return a value
backend/tests/test_api.py:40: error: Function is missing a return type annotation  [no-untyped-def]
backend/tests/test_api.py:40: note: Use "-> None" if function does not return a value
backend/tests/test_api.py:55: error: Function is missing a return type annotation  [no-untyped-def]
backend/tests/test_api.py:55: note: Use "-> None" if function does not return a value
backend/tests/test_api.py:86: error: Function is missing a return type annotation  [no-untyped-def]
backend/tests/test_api.py:86: note: Use "-> None" if function does not return a value
backend/tests/test_api.py:125: error: Function is missing a return type annotation  [no-untyped-def]
backend/tests/test_api.py:125: note: Use "-> None" if function does not return a value
backend/tests/test_api.py:158: error: Function is missing a return type annotation  [no-untyped-def]
backend/tests/test_api.py:158: note: Use "-> None" if function does not return a value
backend/tests/test_api.py:172: error: Function is missing a return type annotation  [no-untyped-def]
backend/tests/test_api.py:172: note: Use "-> None" if function does not return a value
backend/tests/test_api.py:204: error: Function is missing a return type annotation  [no-untyped-def]
backend/tests/test_api.py:204: note: Use "-> None" if function does not return a value
backend/tests/test_api.py:240: error: Function is missing a return type annotation  [no-untyped-def]
backend/tests/test_api.py:240: note: Use "-> None" if function does not return a value
demo/demo_remote_langchain.py:19: error: Function is missing a return type annotation  [no-untyped-def]
demo/demo_remote_langchain.py:19: note: Use "-> None" if function does not return a value
demo/demo_remote_langchain.py:64: error: "type[EventType]" has no attribute "MODEL_CALL"  [attr-defined]
demo/demo_remote_langchain.py:96: error: Call to untyped function "main" in typed context  [no-untyped-call]
backend/app/core/refactor_engine.py:5: error: Skipping analyzing "astor": module is installed, but missing library stubs or py.typed marker  [import-untyped]
backend/app/core/refactor_engine.py:11: error: Function is missing a return type annotation  [no-untyped-def]
backend/app/core/refactor_engine.py:11: note: Use "-> None" if function does not return a value
backend/app/core/refactor_engine.py:14: error: Function is missing a type annotation  [no-untyped-def]
backend/app/core/refactor_engine.py:24: error: Function is missing a type annotation  [no-untyped-def]
backend/app/core/refactor_engine.py:32: error: Function is missing a type annotation  [no-untyped-def]
backend/app/core/refactor_engine.py:33: error: Call to untyped function "ast_optimize" in typed context  [no-untyped-call]
backend/app/core/refactor_engine.py:34: error: Call to untyped function "semantic_refine" in typed context  [no-untyped-call]
backend/app/core/metrics.py:2: error: Skipping analyzing "radon.complexity": module is installed, but missing library stubs or py.typed marker  [import-untyped]
backend/app/core/metrics.py:3: error: Skipping analyzing "radon.metrics": module is installed, but missing library stubs or py.typed marker  [import-untyped]
backend/app/core/metrics.py:8: error: Function is missing a type annotation  [no-untyped-def]
backend/app/core/metrics.py:16: error: Function is missing a type annotation  [no-untyped-def]
backend/app/core/metrics.py:20: error: Function is missing a type annotation  [no-untyped-def]
backend/app/core/metrics.py:27: error: Function is missing a type annotation  [no-untyped-def]
backend/app/core/metrics.py:28: error: Call to untyped function "structural_score" in typed context  [no-untyped-call]
backend/app/core/metrics.py:29: error: Call to untyped function "maintainability_score" in typed context  [no-untyped-call]
backend/app/core/metrics.py:30: error: Call to untyped function "semantic_score" in typed context  [no-untyped-call]
backend/app/core/metrics.py:36: error: Call to untyped function "combined_score" in typed context  [no-untyped-call]
backend/app/agents/customer_support_agent.py:5: error: Unused "type: ignore" comment  [unused-ignore]
backend/app/agents/customer_support_agent.py:6: error: Cannot find implementation or library stub for module named "app.config"  [import-not-found]
backend/app/agents/customer_support_agent.py:7: error: Cannot find implementation or library stub for module named "app.models.event"  [import-not-found]
backend/app/agents/customer_support_agent.py:8: error: Cannot find implementation or library stub for module named "app.models.session"  [import-not-found]
backend/app/agents/customer_support_agent.py:9: error: Cannot find implementation or library stub for module named "app.schemas.session"  [import-not-found]
backend/app/agents/customer_support_agent.py:10: error: Unused "type: ignore" comment  [unused-ignore]
backend/app/agents/customer_support_agent.py:25: error: Module "google.generativeai" does not explicitly export attribute "configure"  [attr-defined]
backend/app/agents/customer_support_agent.py:28: error: Module "google.generativeai" does not explicitly export attribute "GenerativeModel"  [attr-defined]
backend/app/agents/customer_support_agent.py:31: error: Need type annotation for "conversation_history" (hint: "conversation_history: list[<type>] = ...")  [var-annotated]
backend/app/agents/customer_support_agent.py:74: error: Function is missing a return type annotation  [no-untyped-def]
backend/app/agents/customer_support_agent.py:147: error: Returning Any from function declared to return "str"  [no-any-return]
backend/app/agents/customer_support_agent.py:188: error: Returning Any from function declared to return "str"  [no-any-return]
backend/app/agents/customer_support_agent.py:195: error: Function is missing a return type annotation  [no-untyped-def]
backend/app/agents/customer_support_agent.py:214: error: Missing type parameters for generic type "dict"  [type-arg]
backend/app/agents/customer_support_agent.py:220: error: Missing type parameters for generic type "dict"  [type-arg]
backend/app/agents/customer_support_agent.py:231: error: Missing type parameters for generic type "dict"  [type-arg]
backend/app/agents/customer_support_agent.py:242: error: Function is missing a return type annotation  [no-untyped-def]
backend/app/agents/customer_support_agent.py:242: note: Use "-> None" if function does not return a value
Found 561 errors in 99 files (checked 168 source files)
